<?xml version="1.0" encoding="UTF-8"?>
<!-- Generated by org.testng.reporters.JUnitReportReporter -->
<testsuite hostname="RamiReddy" failures="0" tests="1" name="testNG_Package.Exp_TestNG" time="0.011" errors="0" timestamp="2024-01-22T11:14:00 IST" skipped="0">
  <testcase classname="testNG_Package.Exp_TestNG" name="login" time="0.011"/>
  <system-out/>
</testsuite> <!-- testNG_Package.Exp_TestNG -->
