<?xml version="1.0" encoding="UTF-8"?>
<!-- Generated by org.testng.reporters.JUnitReportReporter -->
<testsuite hostname="RamiReddy" failures="0" tests="1" name="testNG_Package.Cross_browsing" time="1.241" errors="0" timestamp="2024-01-22T12:06:28 IST" skipped="0">
  <testcase classname="testNG_Package.Cross_browsing" name="run" time="1.241"/>
  <system-out/>
</testsuite> <!-- testNG_Package.Cross_browsing -->
