<?xml version="1.0" encoding="UTF-8"?>
<!-- Generated by org.testng.reporters.JUnitReportReporter -->
<testsuite hostname="RamiReddy" failures="0" tests="2" name="testNG_Package.Exp_TestNG1$Exp_Testng" time="0.001" errors="0" timestamp="2024-01-22T12:06:28 IST" skipped="0">
  <testcase classname="testNG_Package.Exp_TestNG1$Exp_Testng" name="login" time="0.001"/>
  <system-out/>
  <testcase classname="testNG_Package.Exp_TestNG1$Exp_Testng" name="logout" time="0.000"/>
  <system-out/>
</testsuite> <!-- testNG_Package.Exp_TestNG1$Exp_Testng -->
